16:04:57.616 [Thread-1] DEBUG  - Корабль Ship1 пришвартовался к причалу 0
16:04:57.616 [Thread-2] DEBUG  - Корабль Ship2 пришвартовался к причалу 1
16:04:57.620 [Thread-1] DEBUG  - Корабль Ship1 хочет загрузить 48 контейнеров со склада порта.
16:04:57.620 [Thread-2] DEBUG  - Корабль Ship2 хочет загрузить 2 контейнеров на склад порта.
16:04:57.620 [Thread-1] DEBUG  - В порту нету 48 контейнеров, для погрузки на корабль Ship1
16:04:57.620 [Thread-2] DEBUG  - Корабль Ship2 выгрузил 2 контейнеров в порт.
16:04:57.620 [Thread-1] DEBUG  - Корабль Ship1 отошел от причала 0
16:04:57.620 [Thread-2] DEBUG  - Корабль Ship2 отошел от причала 1
16:04:57.620 [Thread-3] DEBUG  - Корабль Ship3 пришвартовался к причалу 0
16:04:57.620 [Thread-3] DEBUG  - Корабль Ship3 хочет загрузить 10 контейнеров на склад порта.
16:04:57.621 [Thread-3] DEBUG  - Корабль Ship3 выгрузил 10 контейнеров в порт.
16:04:57.621 [Thread-3] DEBUG  - Корабль Ship3 отошел от причала 0
16:04:58.620 [Thread-2] DEBUG  - Корабль Ship2 пришвартовался к причалу 0
16:04:58.620 [Thread-1] DEBUG  - Корабль Ship1 пришвартовался к причалу 1
16:04:58.621 [Thread-2] DEBUG  - Корабль Ship2 хочет загрузить 8 контейнеров на склад порта.
16:04:58.621 [Thread-1] DEBUG  - Корабль Ship1 хочет загрузить 16 контейнеров со склада порта.
16:04:58.621 [Thread-2] DEBUG  - Корабль Ship2 выгрузил 8 контейнеров в порт.
16:04:58.621 [Thread-1] DEBUG  - Корабль Ship1 загрузил 16 контейнеров из порта.
16:04:58.621 [Thread-2] DEBUG  - Корабль Ship2 отошел от причала 0
16:04:58.621 [Thread-3] DEBUG  - Корабль Ship3 пришвартовался к причалу 0
16:04:58.621 [Thread-1] DEBUG  - Корабль Ship1 отошел от причала 1
16:04:58.622 [Thread-3] DEBUG  - Корабль Ship3 хочет загрузить 54 контейнеров со склада порта.
16:04:58.622 [Thread-3] DEBUG  - В порту нету 54 контейнеров, для погрузки на корабль Ship3
16:04:58.622 [Thread-3] DEBUG  - Корабль Ship3 отошел от причала 0
16:04:59.622 [Thread-1] DEBUG  - Корабль Ship1 пришвартовался к причалу 0
16:04:59.622 [Thread-2] DEBUG  - Корабль Ship2 пришвартовался к причалу 1
16:04:59.623 [Thread-2] DEBUG  - Корабль Ship2 хочет загрузить 4 контейнеров на склад порта.
16:04:59.623 [Thread-1] DEBUG  - Корабль Ship1 хочет загрузить 29 контейнеров на склад порта.
16:04:59.623 [Thread-2] DEBUG  - Корабль Ship2 выгрузил 4 контейнеров в порт.
16:04:59.623 [Thread-2] DEBUG  - Корабль Ship2 отошел от причала 1
16:04:59.623 [Thread-1] DEBUG  - Корабль Ship1 выгрузил 29 контейнеров в порт.
16:04:59.623 [Thread-3] DEBUG  - Корабль Ship3 пришвартовался к причалу 1
16:04:59.623 [Thread-1] DEBUG  - Корабль Ship1 отошел от причала 0
16:04:59.624 [Thread-3] DEBUG  - Корабль Ship3 хочет загрузить 5 контейнеров на склад порта.
16:04:59.624 [Thread-3] DEBUG  - Корабль Ship3 выгрузил 5 контейнеров в порт.
16:04:59.625 [Thread-3] DEBUG  - Корабль Ship3 отошел от причала 1
16:05:00.623 [Thread-2] DEBUG  - Корабль Ship2 пришвартовался к причалу 0
16:05:00.623 [Thread-1] DEBUG  - Корабль Ship1 пришвартовался к причалу 1
16:05:00.623 [Thread-2] DEBUG  - Корабль Ship2 хочет загрузить 62 контейнеров со склада порта.
16:05:00.623 [Thread-1] DEBUG  - Корабль Ship1 хочет загрузить 1 контейнеров на склад порта.
16:05:00.624 [Thread-2] DEBUG  - В порту нету 62 контейнеров, для погрузки на корабль Ship2
16:05:00.624 [Thread-1] DEBUG  - Корабль Ship1 выгрузил 1 контейнеров в порт.
16:05:00.624 [Thread-1] DEBUG  - Корабль Ship1 отошел от причала 1
16:05:00.624 [Thread-2] DEBUG  - Корабль Ship2 отошел от причала 0
16:05:00.625 [Thread-3] DEBUG  - Корабль Ship3 пришвартовался к причалу 0
16:05:00.625 [Thread-3] DEBUG  - Корабль Ship3 хочет загрузить 0 контейнеров на склад порта.
16:05:00.625 [Thread-3] DEBUG  - Корабль Ship3 выгрузил 0 контейнеров в порт.
16:05:00.625 [Thread-3] DEBUG  - Корабль Ship3 отошел от причала 0
16:05:01.624 [Thread-1] DEBUG  - Корабль Ship1 пришвартовался к причалу 1
16:05:01.624 [Thread-2] DEBUG  - Корабль Ship2 пришвартовался к причалу 0
16:05:01.624 [Thread-1] DEBUG  - Корабль Ship1 хочет загрузить 88 контейнеров со склада порта.
16:05:01.624 [Thread-2] DEBUG  - Корабль Ship2 хочет загрузить 1 контейнеров на склад порта.
16:05:01.624 [Thread-1] DEBUG  - В порту нету 88 контейнеров, для погрузки на корабль Ship1
16:05:01.624 [Thread-2] DEBUG  - Корабль Ship2 выгрузил 1 контейнеров в порт.
16:05:01.625 [Thread-1] DEBUG  - Корабль Ship1 отошел от причала 1
16:05:01.625 [Thread-2] DEBUG  - Корабль Ship2 отошел от причала 0
16:05:01.625 [Thread-3] DEBUG  - Корабль Ship3 пришвартовался к причалу 1
16:05:01.625 [Thread-3] DEBUG  - Корабль Ship3 хочет загрузить 0 контейнеров на склад порта.
16:05:01.626 [Thread-3] DEBUG  - Корабль Ship3 выгрузил 0 контейнеров в порт.
16:05:01.626 [Thread-3] DEBUG  - Корабль Ship3 отошел от причала 1
16:05:02.625 [Thread-2] DEBUG  - Корабль Ship2 пришвартовался к причалу 1
16:05:02.625 [Thread-1] DEBUG  - Корабль Ship1 пришвартовался к причалу 0
16:05:02.625 [Thread-2] DEBUG  - Корабль Ship2 хочет загрузить 0 контейнеров на склад порта.
16:05:02.625 [Thread-1] DEBUG  - Корабль Ship1 хочет загрузить 34 контейнеров со склада порта.
16:05:02.625 [Thread-2] DEBUG  - Корабль Ship2 выгрузил 0 контейнеров в порт.
16:05:02.625 [Thread-2] DEBUG  - Корабль Ship2 отошел от причала 1
16:05:02.625 [Thread-1] DEBUG  - Корабль Ship1 загрузил 34 контейнеров из порта.
16:05:02.626 [Thread-1] DEBUG  - Корабль Ship1 отошел от причала 0
16:05:02.626 [Thread-3] DEBUG  - Корабль Ship3 пришвартовался к причалу 1
16:05:02.626 [Thread-3] DEBUG  - Корабль Ship3 хочет загрузить 0 контейнеров на склад порта.
16:05:02.626 [Thread-3] DEBUG  - Корабль Ship3 выгрузил 0 контейнеров в порт.
16:05:02.626 [Thread-3] DEBUG  - Корабль Ship3 отошел от причала 1
16:05:03.625 [Thread-2] DEBUG  - Корабль Ship2 пришвартовался к причалу 0
16:05:03.626 [Thread-2] DEBUG  - Корабль Ship2 хочет загрузить 0 контейнеров на склад порта.
16:05:03.626 [Thread-1] DEBUG  - Корабль Ship1 пришвартовался к причалу 1
16:05:03.626 [Thread-2] DEBUG  - Корабль Ship2 выгрузил 0 контейнеров в порт.
16:05:03.626 [Thread-1] DEBUG  - Корабль Ship1 хочет загрузить 20 контейнеров со склада порта.
16:05:03.626 [Thread-2] DEBUG  - Корабль Ship2 отошел от причала 0
16:05:03.626 [Thread-1] DEBUG  - Корабль Ship1 загрузил 20 контейнеров из порта.
16:05:03.626 [Thread-1] DEBUG  - Корабль Ship1 отошел от причала 1
16:05:03.627 [Thread-3] DEBUG  - Корабль Ship3 пришвартовался к причалу 0
16:05:03.627 [Thread-3] DEBUG  - Корабль Ship3 хочет загрузить 72 контейнеров со склада порта.
16:05:03.627 [Thread-3] DEBUG  - В порту нету 72 контейнеров, для погрузки на корабль Ship3
16:05:03.627 [Thread-3] DEBUG  - Корабль Ship3 отошел от причала 0
16:05:04.626 [Thread-1] DEBUG  - Корабль Ship1 пришвартовался к причалу 0
16:05:04.626 [Thread-2] DEBUG  - Корабль Ship2 пришвартовался к причалу 1
16:05:04.626 [Thread-1] DEBUG  - Корабль Ship1 хочет загрузить 17 контейнеров на склад порта.
16:05:04.626 [Thread-2] DEBUG  - Корабль Ship2 хочет загрузить 0 контейнеров на склад порта.
16:05:04.627 [Thread-1] DEBUG  - Корабль Ship1 выгрузил 17 контейнеров в порт.
16:05:04.627 [Thread-2] DEBUG  - Корабль Ship2 выгрузил 0 контейнеров в порт.
16:05:04.627 [Thread-1] DEBUG  - Корабль Ship1 отошел от причала 0
16:05:04.627 [Thread-2] DEBUG  - Корабль Ship2 отошел от причала 1
16:05:04.627 [Thread-3] DEBUG  - Корабль Ship3 пришвартовался к причалу 0
16:05:04.627 [Thread-3] DEBUG  - Корабль Ship3 хочет загрузить 0 контейнеров на склад порта.
16:05:04.627 [Thread-3] DEBUG  - Корабль Ship3 выгрузил 0 контейнеров в порт.
16:05:04.627 [Thread-3] DEBUG  - Корабль Ship3 отошел от причала 0
16:05:05.627 [Thread-1] DEBUG  - Корабль Ship1 пришвартовался к причалу 1
16:05:05.627 [Thread-2] DEBUG  - Корабль Ship2 пришвартовался к причалу 0
16:05:05.627 [Thread-1] DEBUG  - Корабль Ship1 хочет загрузить 30 контейнеров на склад порта.
16:05:05.627 [Thread-2] DEBUG  - Корабль Ship2 хочет загрузить 0 контейнеров на склад порта.
16:05:05.627 [Thread-1] DEBUG  - Корабль Ship1 выгрузил 30 контейнеров в порт.
16:05:05.627 [Thread-2] DEBUG  - Корабль Ship2 выгрузил 0 контейнеров в порт.
16:05:05.627 [Thread-2] DEBUG  - Корабль Ship2 отошел от причала 0
16:05:05.627 [Thread-1] DEBUG  - Корабль Ship1 отошел от причала 1
16:05:05.628 [Thread-3] DEBUG  - Корабль Ship3 пришвартовался к причалу 0
16:05:05.628 [Thread-3] DEBUG  - Корабль Ship3 хочет загрузить 83 контейнеров со склада порта.
16:05:05.628 [Thread-3] DEBUG  - В порту нету 83 контейнеров, для погрузки на корабль Ship3
16:05:05.628 [Thread-3] DEBUG  - Корабль Ship3 отошел от причала 0
16:05:06.628 [Thread-1] DEBUG  - Корабль Ship1 пришвартовался к причалу 0
16:05:06.628 [Thread-2] DEBUG  - Корабль Ship2 пришвартовался к причалу 1
16:05:06.628 [Thread-2] DEBUG  - Корабль Ship2 хочет загрузить 0 контейнеров на склад порта.
16:05:06.628 [Thread-2] DEBUG  - Корабль Ship2 выгрузил 0 контейнеров в порт.
16:05:06.628 [Thread-2] DEBUG  - Корабль Ship2 отошел от причала 1
16:05:06.628 [Thread-3] DEBUG  - Корабль Ship3 пришвартовался к причалу 1
16:05:06.628 [Thread-3] DEBUG  - Корабль Ship3 хочет загрузить 0 контейнеров на склад порта.
16:05:06.629 [Thread-3] DEBUG  - Корабль Ship3 выгрузил 0 контейнеров в порт.
16:05:06.629 [Thread-3] DEBUG  - Корабль Ship3 отошел от причала 1
16:05:06.632 [Thread-1] DEBUG  - Корабль Ship1 хочет загрузить 12 контейнеров со склада порта.
16:05:06.632 [Thread-1] DEBUG  - Корабль Ship1 загрузил 12 контейнеров из порта.
16:05:06.632 [Thread-1] DEBUG  - Корабль Ship1 отошел от причала 0
16:05:07.628 [Thread-2] DEBUG  - Корабль Ship2 пришвартовался к причалу 1
16:05:07.629 [Thread-2] DEBUG  - Корабль Ship2 хочет загрузить 13 контейнеров со склада порта.
16:05:07.629 [Thread-2] DEBUG  - Корабль Ship2 загрузил 13 контейнеров из порта.
16:05:07.629 [Thread-3] DEBUG  - Корабль Ship3 пришвартовался к причалу 0
16:05:07.629 [Thread-2] DEBUG  - Корабль Ship2 отошел от причала 1
16:05:07.629 [Thread-3] DEBUG  - Корабль Ship3 хочет загрузить 0 контейнеров на склад порта.
16:05:07.629 [Thread-3] DEBUG  - Корабль Ship3 выгрузил 0 контейнеров в порт.
16:05:07.629 [Thread-3] DEBUG  - Корабль Ship3 отошел от причала 0
16:05:07.632 [Thread-1] DEBUG  - Корабль Ship1 пришвартовался к причалу 1
16:05:07.632 [Thread-1] DEBUG  - Корабль Ship1 хочет загрузить 13 контейнеров на склад порта.
16:05:07.633 [Thread-1] DEBUG  - Корабль Ship1 выгрузил 13 контейнеров в порт.
16:05:07.633 [Thread-1] DEBUG  - Корабль Ship1 отошел от причала 1
16:05:08.629 [Thread-2] DEBUG  - Корабль Ship2 пришвартовался к причалу 0
16:05:08.629 [Thread-2] DEBUG  - Корабль Ship2 хочет загрузить 4 контейнеров на склад порта.
16:05:08.630 [Thread-2] DEBUG  - Корабль Ship2 выгрузил 4 контейнеров в порт.
16:05:08.630 [Thread-2] DEBUG  - Корабль Ship2 отошел от причала 0
16:05:08.630 [Thread-3] DEBUG  - Корабль Ship3 пришвартовался к причалу 1
16:05:08.630 [Thread-3] DEBUG  - Корабль Ship3 хочет загрузить 0 контейнеров на склад порта.
16:05:08.630 [Thread-3] DEBUG  - Корабль Ship3 выгрузил 0 контейнеров в порт.
16:05:08.630 [Thread-3] DEBUG  - Корабль Ship3 отошел от причала 1
16:05:08.633 [Thread-1] DEBUG  - Корабль Ship1 пришвартовался к причалу 0
16:05:08.633 [Thread-1] DEBUG  - Корабль Ship1 хочет загрузить 26 контейнеров со склада порта.
16:05:08.633 [Thread-1] DEBUG  - Корабль Ship1 загрузил 26 контейнеров из порта.
16:05:08.633 [Thread-1] DEBUG  - Корабль Ship1 отошел от причала 0
16:05:09.630 [Thread-2] DEBUG  - Корабль Ship2 пришвартовался к причалу 1
16:05:09.630 [Thread-2] DEBUG  - Корабль Ship2 хочет загрузить 2 контейнеров на склад порта.
16:05:09.630 [Thread-3] DEBUG  - Корабль Ship3 пришвартовался к причалу 0
16:05:09.630 [Thread-2] DEBUG  - Корабль Ship2 выгрузил 2 контейнеров в порт.
16:05:09.630 [Thread-3] DEBUG  - Корабль Ship3 хочет загрузить 0 контейнеров на склад порта.
16:05:09.630 [Thread-2] DEBUG  - Корабль Ship2 отошел от причала 1
16:05:09.630 [Thread-3] DEBUG  - Корабль Ship3 выгрузил 0 контейнеров в порт.
16:05:09.630 [Thread-3] DEBUG  - Корабль Ship3 отошел от причала 0
16:05:09.634 [Thread-1] DEBUG  - Корабль Ship1 пришвартовался к причалу 1
16:05:09.634 [Thread-1] DEBUG  - Корабль Ship1 хочет загрузить 4 контейнеров на склад порта.
16:05:09.634 [Thread-1] DEBUG  - Корабль Ship1 выгрузил 4 контейнеров в порт.
16:05:09.634 [Thread-1] DEBUG  - Корабль Ship1 отошел от причала 1
16:05:10.631 [Thread-2] DEBUG  - Корабль Ship2 пришвартовался к причалу 0
16:05:10.631 [Thread-3] DEBUG  - Корабль Ship3 пришвартовался к причалу 1
16:05:10.631 [Thread-2] DEBUG  - Корабль Ship2 хочет загрузить 2 контейнеров на склад порта.
16:05:10.631 [Thread-3] DEBUG  - Корабль Ship3 хочет загрузить 0 контейнеров на склад порта.
16:05:10.631 [Thread-2] DEBUG  - Корабль Ship2 выгрузил 2 контейнеров в порт.
16:05:10.631 [Thread-3] DEBUG  - Корабль Ship3 выгрузил 0 контейнеров в порт.
16:05:10.631 [Thread-2] DEBUG  - Корабль Ship2 отошел от причала 0
16:05:10.631 [Thread-3] DEBUG  - Корабль Ship3 отошел от причала 1
16:05:10.634 [Thread-1] DEBUG  - Корабль Ship1 пришвартовался к причалу 0
16:05:10.634 [Thread-1] DEBUG  - Корабль Ship1 хочет загрузить 22 контейнеров на склад порта.
16:05:10.634 [Thread-1] DEBUG  - Корабль Ship1 выгрузил 22 контейнеров в порт.
16:05:10.635 [Thread-1] DEBUG  - Корабль Ship1 отошел от причала 0
16:05:11.631 [Thread-2] DEBUG  - Корабль Ship2 пришвартовался к причалу 1
16:05:11.631 [Thread-3] DEBUG  - Корабль Ship3 пришвартовался к причалу 0
16:05:11.631 [Thread-2] DEBUG  - Корабль Ship2 хочет загрузить 8 контейнеров со склада порта.
16:05:11.631 [Thread-3] DEBUG  - Корабль Ship3 хочет загрузить 14 контейнеров со склада порта.
16:05:11.631 [Thread-2] DEBUG  - Корабль Ship2 загрузил 8 контейнеров из порта.
16:05:11.632 [Thread-3] DEBUG  - Корабль Ship3 загрузил 14 контейнеров из порта.
16:05:11.632 [Thread-2] DEBUG  - Корабль Ship2 отошел от причала 1
16:05:11.632 [Thread-3] DEBUG  - Корабль Ship3 отошел от причала 0
16:05:11.635 [Thread-1] DEBUG  - Корабль Ship1 пришвартовался к причалу 1
16:05:11.635 [Thread-1] DEBUG  - Корабль Ship1 хочет загрузить 10 контейнеров со склада порта.
16:05:11.635 [Thread-1] DEBUG  - Корабль Ship1 загрузил 10 контейнеров из порта.
16:05:11.635 [Thread-1] DEBUG  - Корабль Ship1 отошел от причала 1
16:05:12.632 [Thread-2] DEBUG  - Корабль Ship2 пришвартовался к причалу 0
16:05:12.632 [Thread-3] DEBUG  - Корабль Ship3 пришвартовался к причалу 1
16:05:12.632 [Thread-2] DEBUG  - Корабль Ship2 хочет загрузить 5 контейнеров на склад порта.
16:05:12.632 [Thread-3] DEBUG  - Корабль Ship3 хочет загрузить 12 контейнеров на склад порта.
16:05:12.632 [Thread-2] DEBUG  - Корабль Ship2 выгрузил 5 контейнеров в порт.
16:05:12.632 [Thread-3] DEBUG  - Корабль Ship3 выгрузил 12 контейнеров в порт.
16:05:12.632 [Thread-2] DEBUG  - Корабль Ship2 отошел от причала 0
16:05:12.632 [Thread-3] DEBUG  - Корабль Ship3 отошел от причала 1
16:05:12.635 [Thread-1] DEBUG  - Корабль Ship1 пришвартовался к причалу 0
16:05:12.636 [Thread-1] DEBUG  - Корабль Ship1 хочет загрузить 45 контейнеров со склада порта.
16:05:12.636 [Thread-1] DEBUG  - В порту нету 45 контейнеров, для погрузки на корабль Ship1
16:05:12.636 [Thread-1] DEBUG  - Корабль Ship1 отошел от причала 0
16:05:13.633 [Thread-3] DEBUG  - Корабль Ship3 пришвартовался к причалу 0
16:05:13.633 [Thread-3] DEBUG  - Корабль Ship3 хочет загрузить 1 контейнеров на склад порта.
16:05:13.633 [Thread-2] DEBUG  - Корабль Ship2 пришвартовался к причалу 1
16:05:13.633 [Thread-2] DEBUG  - Корабль Ship2 хочет загрузить 1 контейнеров на склад порта.
16:05:13.633 [Thread-3] DEBUG  - Корабль Ship3 выгрузил 1 контейнеров в порт.
16:05:13.633 [Thread-2] DEBUG  - Корабль Ship2 выгрузил 1 контейнеров в порт.
16:05:13.633 [Thread-3] DEBUG  - Корабль Ship3 отошел от причала 0
16:05:13.633 [Thread-2] DEBUG  - Корабль Ship2 отошел от причала 1
16:05:13.636 [Thread-1] DEBUG  - Корабль Ship1 пришвартовался к причалу 0
16:05:13.636 [Thread-1] DEBUG  - Корабль Ship1 хочет загрузить 7 контейнеров на склад порта.
16:05:13.636 [Thread-1] DEBUG  - Корабль Ship1 выгрузил 7 контейнеров в порт.
16:05:13.636 [Thread-1] DEBUG  - Корабль Ship1 отошел от причала 0
16:05:14.634 [Thread-2] DEBUG  - Корабль Ship2 пришвартовался к причалу 0
16:05:14.634 [Thread-3] DEBUG  - Корабль Ship3 пришвартовался к причалу 1
16:05:14.634 [Thread-2] DEBUG  - Корабль Ship2 хочет загрузить 2 контейнеров на склад порта.
16:05:14.634 [Thread-3] DEBUG  - Корабль Ship3 хочет загрузить 1 контейнеров на склад порта.
16:05:14.634 [Thread-2] DEBUG  - Корабль Ship2 выгрузил 2 контейнеров в порт.
16:05:14.634 [Thread-3] DEBUG  - Корабль Ship3 выгрузил 1 контейнеров в порт.
16:05:14.634 [Thread-2] DEBUG  - Корабль Ship2 отошел от причала 0
16:05:14.634 [Thread-3] DEBUG  - Корабль Ship3 отошел от причала 1
16:05:14.637 [Thread-1] DEBUG  - Корабль Ship1 пришвартовался к причалу 0
16:05:14.637 [Thread-1] DEBUG  - Корабль Ship1 хочет загрузить 9 контейнеров на склад порта.
16:05:14.637 [Thread-1] DEBUG  - Корабль Ship1 выгрузил 9 контейнеров в порт.
16:05:14.637 [Thread-1] DEBUG  - Корабль Ship1 отошел от причала 0
16:05:15.634 [Thread-2] DEBUG  - Корабль Ship2 пришвартовался к причалу 1
16:05:15.634 [Thread-3] DEBUG  - Корабль Ship3 пришвартовался к причалу 0
16:05:15.635 [Thread-2] DEBUG  - Корабль Ship2 хочет загрузить 5 контейнеров на склад порта.
16:05:15.635 [Thread-3] DEBUG  - Корабль Ship3 хочет загрузить 0 контейнеров на склад порта.
16:05:15.635 [Thread-2] DEBUG  - Корабль Ship2 выгрузил 5 контейнеров в порт.
16:05:15.635 [Thread-3] DEBUG  - Корабль Ship3 выгрузил 0 контейнеров в порт.
16:05:15.635 [Thread-2] DEBUG  - Корабль Ship2 отошел от причала 1
16:05:15.635 [Thread-3] DEBUG  - Корабль Ship3 отошел от причала 0
16:05:15.637 [Thread-1] DEBUG  - Корабль Ship1 пришвартовался к причалу 1
16:05:15.637 [Thread-1] DEBUG  - Корабль Ship1 хочет загрузить 1 контейнеров на склад порта.
16:05:15.638 [Thread-1] DEBUG  - Корабль Ship1 выгрузил 1 контейнеров в порт.
16:05:15.638 [Thread-1] DEBUG  - Корабль Ship1 отошел от причала 1
16:05:16.635 [Thread-3] DEBUG  - Корабль Ship3 пришвартовался к причалу 1
16:05:16.635 [Thread-2] DEBUG  - Корабль Ship2 пришвартовался к причалу 0
16:05:16.635 [Thread-3] DEBUG  - Корабль Ship3 хочет загрузить 0 контейнеров на склад порта.
16:05:16.635 [Thread-2] DEBUG  - Корабль Ship2 хочет загрузить 0 контейнеров на склад порта.
16:05:16.635 [Thread-3] DEBUG  - Корабль Ship3 выгрузил 0 контейнеров в порт.
16:05:16.635 [Thread-2] DEBUG  - Корабль Ship2 выгрузил 0 контейнеров в порт.
16:05:16.635 [Thread-3] DEBUG  - Корабль Ship3 отошел от причала 1
16:05:16.635 [Thread-2] DEBUG  - Корабль Ship2 отошел от причала 0
16:05:16.638 [Thread-1] DEBUG  - Корабль Ship1 пришвартовался к причалу 1
16:05:16.638 [Thread-1] DEBUG  - Корабль Ship1 хочет загрузить 0 контейнеров на склад порта.
16:05:16.638 [Thread-1] DEBUG  - Корабль Ship1 выгрузил 0 контейнеров в порт.
16:05:16.638 [Thread-1] DEBUG  - Корабль Ship1 отошел от причала 1

